[2023-12-20 14:56:15] Server     INFO  Apache Jena Fuseki 4.6.1
[2023-12-20 14:56:16] Server     INFO  Configuration file: ../.fuseki.ttl
[2023-12-20 14:56:16] Server     INFO  Path = /parameter-model
[2023-12-20 14:56:16] Server     INFO  System
[2023-12-20 14:56:16] Server     INFO    Memory: 7.9 GiB
[2023-12-20 14:56:16] Server     INFO    Java:   21.0.1
[2023-12-20 14:56:16] Server     INFO    OS:     Windows 11 10.0 amd64
[2023-12-20 14:56:16] Server     INFO    PID:    26216
[2023-12-20 14:56:16] Server     INFO  Start Fuseki (http=3030)
[2023-12-20 14:56:25] Fuseki     INFO  [1] GET http://localhost:3030/parameter-model
[2023-12-20 14:56:25] Fuseki     INFO  [1] 200 OK (41 ms)
[2023-12-20 14:56:25] Fuseki     INFO  [2] POST http://localhost:3030/parameter-model?graph=http://parameter.com/vocabulary/parameter-bundle
[2023-12-20 14:56:26] Fuseki     INFO  [2] Body: Content-Length=3302, Content-Type=application/rdf+xml, Charset=null => RDF/XML : Count=39 Triples=39 Quads=0
[2023-12-20 14:56:26] Fuseki     INFO  [2] 201 Created (105 ms)
[2023-12-20 14:56:26] Fuseki     INFO  [3] POST http://localhost:3030/parameter-model?graph=http://purl.org/dc/elements/1.1
[2023-12-20 14:56:26] Fuseki     INFO  [3] Body: Content-Length=3542, Content-Type=application/rdf+xml, Charset=null => RDF/XML : Count=22 Triples=22 Quads=0
[2023-12-20 14:56:26] Fuseki     INFO  [3] 201 Created (20 ms)
[2023-12-20 14:56:26] Fuseki     INFO  [4] POST http://localhost:3030/parameter-model?graph=http://parameter.com/description/bundle/classes
[2023-12-20 14:56:26] Fuseki     INFO  [4] Body: Content-Length=6979, Content-Type=text/turtle, Charset=null => Turtle : Count=91 Triples=91 Quads=0
[2023-12-20 14:56:26] Fuseki     INFO  [4] 201 Created (28 ms)
[2023-12-20 14:56:26] Fuseki     INFO  [5] POST http://localhost:3030/parameter-model?graph=http://parameter.com/description/bundle/properties
[2023-12-20 14:56:26] Fuseki     INFO  [5] Body: Content-Length=6949, Content-Type=text/turtle, Charset=null => Turtle : Count=83 Triples=83 Quads=0
[2023-12-20 14:56:26] Fuseki     INFO  [5] 201 Created (18 ms)
[2023-12-20 14:56:26] Fuseki     INFO  [6] POST http://localhost:3030/parameter-model?graph=http://parameter.com/description/spacecraft
[2023-12-20 14:56:26] Fuseki     INFO  [6] Body: Content-Length=66164, Content-Type=application/rdf+xml, Charset=null => RDF/XML : Count=657 Triples=657 Quads=0
[2023-12-20 14:56:26] Fuseki     INFO  [6] 201 Created (118 ms)
[2023-12-20 14:56:26] Fuseki     INFO  [7] POST http://localhost:3030/parameter-model?graph=http://parameter.com/description/bundle/individuals
[2023-12-20 14:56:26] Fuseki     INFO  [7] Body: Content-Length=83542, Content-Type=text/turtle, Charset=null => Turtle : Count=956 Triples=956 Quads=0
[2023-12-20 14:56:26] Fuseki     INFO  [7] 201 Created (59 ms)
[2023-12-20 14:56:26] Fuseki     INFO  [8] POST http://localhost:3030/parameter-model?graph=http://parameter.com/vocabulary/parameter
[2023-12-20 14:56:26] Fuseki     INFO  [8] Body: Content-Length=21531, Content-Type=application/rdf+xml, Charset=null => RDF/XML : Count=195 Triples=195 Quads=0
[2023-12-20 14:56:26] Fuseki     INFO  [8] 201 Created (21 ms)
[2023-12-20 14:56:26] Fuseki     INFO  [9] POST http://localhost:3030/parameter-model?graph=http://parameter.com/description/bundle
[2023-12-20 14:56:26] Fuseki     INFO  [9] Body: Content-Length=1153, Content-Type=application/rdf+xml, Charset=null => RDF/XML : Count=6 Triples=6 Quads=0
[2023-12-20 14:56:26] Fuseki     INFO  [9] 201 Created (6 ms)
[2023-12-20 14:56:26] Fuseki     INFO  [10] GET http://localhost:3030/parameter-model/sparql?query=PREFIX%20%20v:%20%20%20%20%3Chttp://parameter.com/vocabulary/parameter%23%3E%0APREFIX%20%20rdfs:%20%3Chttp://www.w3.org/2000/01/rdf-schema%23%3E%0A%0ASELECT%20%20?Model_name%20?Slot_name%20?Id%20?AssignedValue%20?Unit%20?Probability%0AWHERE%0A%20%20%7B%20?Model%20%20%20%20v:IsComposedOf%20%20%20%20%20%20?Slot%20%3B%0A%20%20%20%20%20%20%20%20%20%20%20%20%20%20v:hasName%20%20%20%20%20%20%20%20%20%20%20?Model_name%20.%0A%20%20%20%20?Slot%20%20%20%20%20v:hasName%20%20%20%20%20%20%20%20%20%20%20?Slot_name%20%3B%0A%20%20%20%20%20%20%20%20%20%20%20%20%20%20v:Receives%20%20%20%20%20%20%20%20%20%20?Candidate%20%3B%0A%20%20%20%20%20%20%20%20%20%20%20%20%20%20v:hasAssignedValue%20%20?AssignedValue%20%3B%0A%20%20%20%20%20%20%20%20%20%20%20%20%20%20v:hasUnit%20%20%20%20%20%20%20%20%20%20%20?Unit%20.%0A%20%20%20%20?Candidate%20%20v:hasName%20%20%20%20%20%20%20%20%20?Id%20%3B%0A%20%20%20%20%20%20%20%20%20%20%20%20%20%20v:hasValue%20%20%20%20%20%20%20%20%20%20?AvailableValue%20%3B%0A%20%20%20%20%20%20%20%20%20%20%20%20%20%20v:hasProbability%20%20%20%20?Probability%0A%20%20%20%20FILTER%20%28%20?AssignedValue%20%3D%20?AvailableValue%20%29%0A%20%20%20%20FILTER%20%28%20%28%20?Model_name%20%3D%20%22simulink%22%20%29%20%7C%7C%20%28%20?Model_name%20%3D%20%22lstm%22%20%29%20%29%0A%20%20%7D%0A
[2023-12-20 14:56:26] Fuseki     INFO  [10] Query = PREFIX  v:    <http://parameter.com/vocabulary/parameter#> PREFIX  rdfs: <http://www.w3.org/2000/01/rdf-schema#>  SELECT  ?Model_name ?Slot_name ?Id ?AssignedValue ?Unit ?Probability WHERE   { ?Model    v:IsComposedOf      ?Slot ;               v:hasName           ?Model_name .     ?Slot     v:hasName           ?Slot_name ;               v:Receives          ?Candidate ;               v:hasAssignedValue  ?AssignedValue ;               v:hasUnit           ?Unit .     ?Candidate  v:hasName         ?Id ;               v:hasValue          ?AvailableValue ;               v:hasProbability    ?Probability     FILTER ( ?AssignedValue = ?AvailableValue )     FILTER ( ( ?Model_name = "simulink" ) || ( ?Model_name = "lstm" ) )   } 
[2023-12-20 14:56:26] Fuseki     INFO  [12] GET http://localhost:3030/parameter-model/sparql?query=PREFIX%20%20v:%20%20%20%20%3Chttp://parameter.com/vocabulary/parameter%23%3E%0APREFIX%20%20rdfs:%20%3Chttp://www.w3.org/2000/01/rdf-schema%23%3E%0A%0ASELECT%20%20?Slot_name%20?Id%20?Value%20?NominalValue%20?Unit%20?maxProbability%20?StateVariableName%20?SystemName%0AWHERE%0A%20%20%7B%20?Slot%20%20%20%20%20v:hasName%20%20%20%20%20%20%20%20%20%20?Slot_name%20%3B%0A%20%20%20%20%20%20%20%20%20%20%20%20%20%20v:Receives%20%20%20%20%20%20%20%20%20?Candidate%20.%0A%20%20%20%20?Candidate%20%20v:hasName%20%20%20%20%20%20%20%20?Id%20%3B%0A%20%20%20%20%20%20%20%20%20%20%20%20%20%20v:hasValue%20%20%20%20%20%20%20%20%20?Value%20.%0A%20%20%20%20?Slot%20%20%20%20%20v:hasUnit%20%20%20%20%20%20%20%20%20%20?Unit%20.%0A%20%20%20%20?Candidate%20%20v:hasProbability%20%20?maxProbability%20.%0A%20%20%20%20?Slot%20%20%20%20%20v:Represents%20%20%20%20%20%20%20?StateVariable%20.%0A%20%20%20%20?StateVariable%0A%20%20%20%20%20%20%20%20%20%20%20%20%20%20v:hasName%20%20%20%20%20%20%20%20%20%20?StateVariableName%20.%0A%20%20%20%20?System%20%20%20v:HasHealthStatus%20%20?StateVariable%20%3B%0A%20%20%20%20%20%20%20%20%20%20%20%20%20%20v:hasName%20%20%20%20%20%20%20%20%20%20?SystemName%20.%0A%20%20%20%20?Slot%20%20%20%20%20v:hasNominalValue%20%20?NominalValue%0A%20%20%20%20%7B%20SELECT%20%20?Slot%20%28MAX%28?Probability%29%20AS%20?maxProbability%29%0A%20%20%20%20%20%20WHERE%0A%20%20%20%20%20%20%20%20%7B%20?Slot%20%20%20%20%20v:Receives%20%20%20%20%20%20%20%20?Candidate%20.%0A%20%20%20%20%20%20%20%20%20%20?Candidate%20%20v:hasProbability%20%20?Probability%0A%20%20%20%20%20%20%20%20%7D%0A%20%20%20%20%20%20GROUP%20BY%20?Slot%0A%20%20%20%20%7D%0A%20%20%7D%0A
[2023-12-20 14:56:26] Fuseki     INFO  [11] GET http://localhost:3030/parameter-model/sparql?query=PREFIX%20%20v:%20%20%20%20%3Chttp://parameter.com/vocabulary/parameter%23%3E%0APREFIX%20%20rdfs:%20%3Chttp://www.w3.org/2000/01/rdf-schema%23%3E%0A%0ASELECT%20%20?system_id%20?system_name%20?model_id%20?model_name%20?slot_id%20?slot_name%20?candidate_domain%20?slot_unit%0AWHERE%0A%20%20%7B%20?model%20%20%20v:Simulates%20%20%20%20%20?system%20%3B%0A%20%20%20%20%20%20%20%20%20%20%20%20%20v:hasName%20%20%20%20%20%20%20?model_name%20.%0A%20%20%20%20?system%20%20v:hasName%20%20%20%20%20%20%20?system_name%20%3B%0A%20%20%20%20%20%20%20%20%20%20%20%20%20v:hasId%20%20%20%20%20%20%20%20%20?system_id%20.%0A%20%20%20%20?model%20%20%20v:hasId%20%20%20%20%20%20%20%20%20?model_id%20%3B%0A%20%20%20%20%20%20%20%20%20%20%20%20%20v:IsComposedOf%20%20?slot%20.%0A%20%20%20%20?slot%20%20%20%20v:hasName%20%20%20%20%20%20%20?slot_name%20%3B%0A%20%20%20%20%20%20%20%20%20%20%20%20%20v:hasId%20%20%20%20%20%20%20%20%20?slot_id%20%3B%0A%20%20%20%20%20%20%20%20%20%20%20%20%20v:hasUnit%20%20%20%20%20%20%20?slot_unit%20%3B%0A%20%20%20%20%20%20%20%20%20%20%20%20%20v:hasDomain%20%20%20%20%20?candidate_domain%0A%20%20%20%20FILTER%20%28%20%28%20?system_name%20%3D%20%22filter_1%22%20%29%20%7C%7C%20%28%20?system_name%20%3D%20%22desiccant_bed_1%22%20%29%20%29%0A%20%20%7D%0A
[2023-12-20 14:56:26] Fuseki     INFO  [12] Query = PREFIX  v:    <http://parameter.com/vocabulary/parameter#> PREFIX  rdfs: <http://www.w3.org/2000/01/rdf-schema#>  SELECT  ?Slot_name ?Id ?Value ?NominalValue ?Unit ?maxProbability ?StateVariableName ?SystemName WHERE   { ?Slot     v:hasName          ?Slot_name ;               v:Receives         ?Candidate .     ?Candidate  v:hasName        ?Id ;               v:hasValue         ?Value .     ?Slot     v:hasUnit          ?Unit .     ?Candidate  v:hasProbability  ?maxProbability .     ?Slot     v:Represents       ?StateVariable .     ?StateVariable               v:hasName          ?StateVariableName .     ?System   v:HasHealthStatus  ?StateVariable ;               v:hasName          ?SystemName .     ?Slot     v:hasNominalValue  ?NominalValue     { SELECT  ?Slot (MAX(?Probability) AS ?maxProbability)       WHERE         { ?Slot     v:Receives        ?Candidate .           ?Candidate  v:hasProbability  ?Probability         }       GROUP BY ?Slot     }   } 
[2023-12-20 14:56:26] Fuseki     INFO  [11] Query = PREFIX  v:    <http://parameter.com/vocabulary/parameter#> PREFIX  rdfs: <http://www.w3.org/2000/01/rdf-schema#>  SELECT  ?system_id ?system_name ?model_id ?model_name ?slot_id ?slot_name ?candidate_domain ?slot_unit WHERE   { ?model   v:Simulates     ?system ;              v:hasName       ?model_name .     ?system  v:hasName       ?system_name ;              v:hasId         ?system_id .     ?model   v:hasId         ?model_id ;              v:IsComposedOf  ?slot .     ?slot    v:hasName       ?slot_name ;              v:hasId         ?slot_id ;              v:hasUnit       ?slot_unit ;              v:hasDomain     ?candidate_domain     FILTER ( ( ?system_name = "filter_1" ) || ( ?system_name = "desiccant_bed_1" ) )   } 
[2023-12-20 14:56:26] Fuseki     INFO  [13] GET http://localhost:3030/parameter-model/sparql?query=PREFIX%20%20v:%20%20%20%20%3Chttp://parameter.com/vocabulary/parameter%23%3E%0APREFIX%20%20rdfs:%20%3Chttp://www.w3.org/2000/01/rdf-schema%23%3E%0A%0ASELECT%20%20?system_id%20?system_name%20?model_id%20?model_name%20?slot_id%20?slot_name%20?candidate_domain%20?slot_unit%20?container_name%20?upstream_device_name%20?power_source_name%0AWHERE%0A%20%20%7B%20?model%20%20%20v:Simulates%20%20?system%20%3B%0A%20%20%20%20%20%20%20%20%20%20%20%20%20v:hasName%20%20%20%20?model_name%20.%0A%20%20%20%20?system%20%20v:hasName%20%20%20%20?system_name%20%3B%0A%20%20%20%20%20%20%20%20%20%20%20%20%20v:hasId%20%20%20%20%20%20?system_id%20.%0A%20%20%20%20?container%20%28v:Contains%29%2B%20?system%20.%0A%20%20%20%20?container%20%20v:hasName%20%20%20%20%20?container_name%20.%0A%20%20%20%20?model%20%20%20%20v:hasId%20%20%20%20%20%20%20%20%20?model_id%20%3B%0A%20%20%20%20%20%20%20%20%20%20%20%20%20%20v:IsComposedOf%20%20?slot%20.%0A%20%20%20%20?slot%20%20%20%20%20v:hasName%20%20%20%20%20%20%20?slot_name%20%3B%0A%20%20%20%20%20%20%20%20%20%20%20%20%20%20v:hasId%20%20%20%20%20%20%20%20%20?slot_id%20%3B%0A%20%20%20%20%20%20%20%20%20%20%20%20%20%20v:hasUnit%20%20%20%20%20%20%20?slot_unit%20%3B%0A%20%20%20%20%20%20%20%20%20%20%20%20%20%20v:hasDomain%20%20%20%20%20?candidate_domain%20.%0A%20%20%20%20?system%20%28v:HC1_Follows%29%2B%20?upstream_device%20.%0A%20%20%20%20?upstream_device%0A%20%20%20%20%20%20%20%20%20%20%20%20%20%20v:hasName%20%20?upstream_device_name%20.%0A%20%20%20%20?power_source%20%28v:Powers%29%2B%20?container%20.%0A%20%20%20%20?power_source%0A%20%20%20%20%20%20%20%20%20%20%20%20%20%20v:hasName%20%20?power_source_name%0A%20%20%20%20FILTER%20%28%20?container_name%20%3D%20%22eclss%22%20%29%0A%20%20%20%20FILTER%20%28%20?upstream_device_name%20%3D%20%22selection_valve_2%22%20%29%0A%20%20%20%20FILTER%20%28%20?power_source_name%20%3D%20%22auxiliary%22%20%29%0A%20%20%7D%0A
[2023-12-20 14:56:26] Fuseki     INFO  [13] Query = PREFIX  v:    <http://parameter.com/vocabulary/parameter#> PREFIX  rdfs: <http://www.w3.org/2000/01/rdf-schema#>  SELECT  ?system_id ?system_name ?model_id ?model_name ?slot_id ?slot_name ?candidate_domain ?slot_unit ?container_name ?upstream_device_name ?power_source_name WHERE   { ?model   v:Simulates  ?system ;              v:hasName    ?model_name .     ?system  v:hasName    ?system_name ;              v:hasId      ?system_id .     ?container (v:Contains)+ ?system .     ?container  v:hasName     ?container_name .     ?model    v:hasId         ?model_id ;               v:IsComposedOf  ?slot .     ?slot     v:hasName       ?slot_name ;               v:hasId         ?slot_id ;               v:hasUnit       ?slot_unit ;               v:hasDomain     ?candidate_domain .     ?system (v:HC1_Follows)+ ?upstream_device .     ?upstream_device               v:hasName  ?upstream_device_name .     ?power_source (v:Powers)+ ?container .     ?power_source               v:hasName  ?power_source_name     FILTER ( ?container_name = "eclss" )     FILTER ( ?upstream_device_name = "selection_valve_2" )     FILTER ( ?power_source_name = "auxiliary" )   } 
[2023-12-20 14:56:26] Fuseki     INFO  [10] 200 OK (136 ms)
[2023-12-20 14:56:26] Fuseki     INFO  [11] 200 OK (135 ms)
[2023-12-20 14:56:26] Fuseki     INFO  [12] 200 OK (157 ms)
[2023-12-20 14:56:26] Fuseki     INFO  [13] 200 OK (231 ms)
[2023-12-20 14:57:34] Fuseki     INFO  [14] GET http://localhost:3030/parameter-model
[2023-12-20 14:57:34] Fuseki     INFO  [14] 200 OK (79 ms)
[2023-12-20 14:57:34] Fuseki     INFO  [15] DELETE http://localhost:3030/parameter-model?graph=http://parameter.com/description/bundle/classes
[2023-12-20 14:57:34] Fuseki     INFO  [15] 204 No Content (8 ms)
[2023-12-20 14:57:34] Fuseki     INFO  [16] DELETE http://localhost:3030/parameter-model?graph=http://parameter.com/description/bundle
[2023-12-20 14:57:34] Fuseki     INFO  [16] 204 No Content (2 ms)
[2023-12-20 14:57:34] Fuseki     INFO  [17] DELETE http://localhost:3030/parameter-model?graph=http://parameter.com/description/spacecraft
[2023-12-20 14:57:34] Fuseki     INFO  [17] 204 No Content (16 ms)
[2023-12-20 14:57:34] Fuseki     INFO  [18] DELETE http://localhost:3030/parameter-model?graph=http://parameter.com/description/bundle/properties
[2023-12-20 14:57:34] Fuseki     INFO  [18] 204 No Content (4 ms)
[2023-12-20 14:57:34] Fuseki     INFO  [19] DELETE http://localhost:3030/parameter-model?graph=http://parameter.com/vocabulary/parameter
[2023-12-20 14:57:34] Fuseki     INFO  [19] 204 No Content (3 ms)
[2023-12-20 14:57:34] Fuseki     INFO  [20] DELETE http://localhost:3030/parameter-model?graph=http://purl.org/dc/elements/1.1
[2023-12-20 14:57:34] Fuseki     INFO  [20] 204 No Content (1 ms)
[2023-12-20 14:57:34] Fuseki     INFO  [21] DELETE http://localhost:3030/parameter-model?graph=http://parameter.com/description/bundle/individuals
[2023-12-20 14:57:34] Fuseki     INFO  [21] 204 No Content (8 ms)
[2023-12-20 14:57:34] Fuseki     INFO  [22] DELETE http://localhost:3030/parameter-model?graph=http://parameter.com/vocabulary/parameter-bundle
[2023-12-20 14:57:34] Fuseki     INFO  [22] 204 No Content (2 ms)
[2023-12-20 14:57:34] Fuseki     INFO  [23] POST http://localhost:3030/parameter-model?graph=http://parameter.com/vocabulary/parameter-bundle
[2023-12-20 14:57:34] Fuseki     INFO  [23] Body: Content-Length=3302, Content-Type=application/rdf+xml, Charset=null => RDF/XML : Count=39 Triples=39 Quads=0
[2023-12-20 14:57:34] Fuseki     INFO  [23] 201 Created (14 ms)
[2023-12-20 14:57:34] Fuseki     INFO  [24] POST http://localhost:3030/parameter-model?graph=http://purl.org/dc/elements/1.1
[2023-12-20 14:57:34] Fuseki     INFO  [24] Body: Content-Length=3542, Content-Type=application/rdf+xml, Charset=null => RDF/XML : Count=22 Triples=22 Quads=0
[2023-12-20 14:57:34] Fuseki     INFO  [24] 201 Created (9 ms)
[2023-12-20 14:57:34] Fuseki     INFO  [25] POST http://localhost:3030/parameter-model?graph=http://parameter.com/description/bundle/classes
[2023-12-20 14:57:34] Fuseki     INFO  [25] Body: Content-Length=6979, Content-Type=text/turtle, Charset=null => Turtle : Count=91 Triples=91 Quads=0
[2023-12-20 14:57:34] Fuseki     INFO  [25] 201 Created (15 ms)
[2023-12-20 14:57:34] Fuseki     INFO  [26] POST http://localhost:3030/parameter-model?graph=http://parameter.com/description/bundle/properties
[2023-12-20 14:57:34] Fuseki     INFO  [26] Body: Content-Length=6949, Content-Type=text/turtle, Charset=null => Turtle : Count=83 Triples=83 Quads=0
[2023-12-20 14:57:34] Fuseki     INFO  [26] 201 Created (6 ms)
[2023-12-20 14:57:34] Fuseki     INFO  [27] POST http://localhost:3030/parameter-model?graph=http://parameter.com/description/spacecraft
[2023-12-20 14:57:34] Fuseki     INFO  [27] Body: Content-Length=66164, Content-Type=application/rdf+xml, Charset=null => RDF/XML : Count=657 Triples=657 Quads=0
[2023-12-20 14:57:34] Fuseki     INFO  [27] 201 Created (36 ms)
[2023-12-20 14:57:34] Fuseki     INFO  [28] POST http://localhost:3030/parameter-model?graph=http://parameter.com/description/bundle/individuals
[2023-12-20 14:57:34] Fuseki     INFO  [28] Body: Content-Length=83542, Content-Type=text/turtle, Charset=null => Turtle : Count=956 Triples=956 Quads=0
[2023-12-20 14:57:34] Fuseki     INFO  [28] 201 Created (29 ms)
[2023-12-20 14:57:34] Fuseki     INFO  [29] POST http://localhost:3030/parameter-model?graph=http://parameter.com/vocabulary/parameter
[2023-12-20 14:57:34] Fuseki     INFO  [29] Body: Content-Length=21531, Content-Type=application/rdf+xml, Charset=null => RDF/XML : Count=195 Triples=195 Quads=0
[2023-12-20 14:57:34] Fuseki     INFO  [29] 201 Created (12 ms)
[2023-12-20 14:57:34] Fuseki     INFO  [30] POST http://localhost:3030/parameter-model?graph=http://parameter.com/description/bundle
[2023-12-20 14:57:34] Fuseki     INFO  [30] Body: Content-Length=1153, Content-Type=application/rdf+xml, Charset=null => RDF/XML : Count=6 Triples=6 Quads=0
[2023-12-20 14:57:34] Fuseki     INFO  [30] 201 Created (5 ms)
[2023-12-20 14:57:34] Fuseki     INFO  [31] GET http://localhost:3030/parameter-model/sparql?query=PREFIX%20%20v:%20%20%20%20%3Chttp://parameter.com/vocabulary/parameter%23%3E%0APREFIX%20%20rdfs:%20%3Chttp://www.w3.org/2000/01/rdf-schema%23%3E%0A%0ASELECT%20%20?system_id%20?system_name%20?model_id%20?model_name%20?slot_id%20?slot_name%20?candidate_domain%20?slot_unit%0AWHERE%0A%20%20%7B%20?model%20%20%20v:Simulates%20%20%20%20%20?system%20%3B%0A%20%20%20%20%20%20%20%20%20%20%20%20%20v:hasName%20%20%20%20%20%20%20?model_name%20.%0A%20%20%20%20?system%20%20v:hasName%20%20%20%20%20%20%20?system_name%20%3B%0A%20%20%20%20%20%20%20%20%20%20%20%20%20v:hasId%20%20%20%20%20%20%20%20%20?system_id%20.%0A%20%20%20%20?model%20%20%20v:hasId%20%20%20%20%20%20%20%20%20?model_id%20%3B%0A%20%20%20%20%20%20%20%20%20%20%20%20%20v:IsComposedOf%20%20?slot%20.%0A%20%20%20%20?slot%20%20%20%20v:hasName%20%20%20%20%20%20%20?slot_name%20%3B%0A%20%20%20%20%20%20%20%20%20%20%20%20%20v:hasId%20%20%20%20%20%20%20%20%20?slot_id%20%3B%0A%20%20%20%20%20%20%20%20%20%20%20%20%20v:hasUnit%20%20%20%20%20%20%20?slot_unit%20%3B%0A%20%20%20%20%20%20%20%20%20%20%20%20%20v:hasDomain%20%20%20%20%20?candidate_domain%0A%20%20%20%20FILTER%20%28%20%28%20?system_name%20%3D%20%22filter_1%22%20%29%20%7C%7C%20%28%20?system_name%20%3D%20%22desiccant_bed_1%22%20%29%20%29%0A%20%20%7D%0A
[2023-12-20 14:57:34] Fuseki     INFO  [31] Query = PREFIX  v:    <http://parameter.com/vocabulary/parameter#> PREFIX  rdfs: <http://www.w3.org/2000/01/rdf-schema#>  SELECT  ?system_id ?system_name ?model_id ?model_name ?slot_id ?slot_name ?candidate_domain ?slot_unit WHERE   { ?model   v:Simulates     ?system ;              v:hasName       ?model_name .     ?system  v:hasName       ?system_name ;              v:hasId         ?system_id .     ?model   v:hasId         ?model_id ;              v:IsComposedOf  ?slot .     ?slot    v:hasName       ?slot_name ;              v:hasId         ?slot_id ;              v:hasUnit       ?slot_unit ;              v:hasDomain     ?candidate_domain     FILTER ( ( ?system_name = "filter_1" ) || ( ?system_name = "desiccant_bed_1" ) )   } 
[2023-12-20 14:57:34] Fuseki     INFO  [32] GET http://localhost:3030/parameter-model/sparql?query=PREFIX%20%20v:%20%20%20%20%3Chttp://parameter.com/vocabulary/parameter%23%3E%0APREFIX%20%20rdfs:%20%3Chttp://www.w3.org/2000/01/rdf-schema%23%3E%0A%0ASELECT%20%20?Slot_name%20?Id%20?Value%20?NominalValue%20?Unit%20?maxProbability%20?StateVariableName%20?SystemName%0AWHERE%0A%20%20%7B%20?Slot%20%20%20%20%20v:hasName%20%20%20%20%20%20%20%20%20%20?Slot_name%20%3B%0A%20%20%20%20%20%20%20%20%20%20%20%20%20%20v:Receives%20%20%20%20%20%20%20%20%20?Candidate%20.%0A%20%20%20%20?Candidate%20%20v:hasName%20%20%20%20%20%20%20%20?Id%20%3B%0A%20%20%20%20%20%20%20%20%20%20%20%20%20%20v:hasValue%20%20%20%20%20%20%20%20%20?Value%20.%0A%20%20%20%20?Slot%20%20%20%20%20v:hasUnit%20%20%20%20%20%20%20%20%20%20?Unit%20.%0A%20%20%20%20?Candidate%20%20v:hasProbability%20%20?maxProbability%20.%0A%20%20%20%20?Slot%20%20%20%20%20v:Represents%20%20%20%20%20%20%20?StateVariable%20.%0A%20%20%20%20?StateVariable%0A%20%20%20%20%20%20%20%20%20%20%20%20%20%20v:hasName%20%20%20%20%20%20%20%20%20%20?StateVariableName%20.%0A%20%20%20%20?System%20%20%20v:HasHealthStatus%20%20?StateVariable%20%3B%0A%20%20%20%20%20%20%20%20%20%20%20%20%20%20v:hasName%20%20%20%20%20%20%20%20%20%20?SystemName%20.%0A%20%20%20%20?Slot%20%20%20%20%20v:hasNominalValue%20%20?NominalValue%0A%20%20%20%20%7B%20SELECT%20%20?Slot%20%28MAX%28?Probability%29%20AS%20?maxProbability%29%0A%20%20%20%20%20%20WHERE%0A%20%20%20%20%20%20%20%20%7B%20?Slot%20%20%20%20%20v:Receives%20%20%20%20%20%20%20%20?Candidate%20.%0A%20%20%20%20%20%20%20%20%20%20?Candidate%20%20v:hasProbability%20%20?Probability%0A%20%20%20%20%20%20%20%20%7D%0A%20%20%20%20%20%20GROUP%20BY%20?Slot%0A%20%20%20%20%7D%0A%20%20%7D%0A
[2023-12-20 14:57:34] Fuseki     INFO  [33] GET http://localhost:3030/parameter-model/sparql?query=PREFIX%20%20v:%20%20%20%20%3Chttp://parameter.com/vocabulary/parameter%23%3E%0APREFIX%20%20rdfs:%20%3Chttp://www.w3.org/2000/01/rdf-schema%23%3E%0A%0ASELECT%20%20?system_id%20?system_name%20?model_id%20?model_name%20?slot_id%20?slot_name%20?candidate_domain%20?slot_unit%20?container_name%20?upstream_device_name%20?power_source_name%0AWHERE%0A%20%20%7B%20?model%20%20%20v:Simulates%20%20?system%20%3B%0A%20%20%20%20%20%20%20%20%20%20%20%20%20v:hasName%20%20%20%20?model_name%20.%0A%20%20%20%20?system%20%20v:hasName%20%20%20%20?system_name%20%3B%0A%20%20%20%20%20%20%20%20%20%20%20%20%20v:hasId%20%20%20%20%20%20?system_id%20.%0A%20%20%20%20?container%20%28v:Contains%29%2B%20?system%20.%0A%20%20%20%20?container%20%20v:hasName%20%20%20%20%20?container_name%20.%0A%20%20%20%20?model%20%20%20%20v:hasId%20%20%20%20%20%20%20%20%20?model_id%20%3B%0A%20%20%20%20%20%20%20%20%20%20%20%20%20%20v:IsComposedOf%20%20?slot%20.%0A%20%20%20%20?slot%20%20%20%20%20v:hasName%20%20%20%20%20%20%20?slot_name%20%3B%0A%20%20%20%20%20%20%20%20%20%20%20%20%20%20v:hasId%20%20%20%20%20%20%20%20%20?slot_id%20%3B%0A%20%20%20%20%20%20%20%20%20%20%20%20%20%20v:hasUnit%20%20%20%20%20%20%20?slot_unit%20%3B%0A%20%20%20%20%20%20%20%20%20%20%20%20%20%20v:hasDomain%20%20%20%20%20?candidate_domain%20.%0A%20%20%20%20?system%20%28v:HC1_Follows%29%2B%20?upstream_device%20.%0A%20%20%20%20?upstream_device%0A%20%20%20%20%20%20%20%20%20%20%20%20%20%20v:hasName%20%20?upstream_device_name%20.%0A%20%20%20%20?power_source%20%28v:Powers%29%2B%20?container%20.%0A%20%20%20%20?power_source%0A%20%20%20%20%20%20%20%20%20%20%20%20%20%20v:hasName%20%20?power_source_name%0A%20%20%20%20FILTER%20%28%20?container_name%20%3D%20%22eclss%22%20%29%0A%20%20%20%20FILTER%20%28%20?upstream_device_name%20%3D%20%22selection_valve_2%22%20%29%0A%20%20%20%20FILTER%20%28%20?power_source_name%20%3D%20%22auxiliary%22%20%29%0A%20%20%7D%0A
[2023-12-20 14:57:34] Fuseki     INFO  [33] Query = PREFIX  v:    <http://parameter.com/vocabulary/parameter#> PREFIX  rdfs: <http://www.w3.org/2000/01/rdf-schema#>  SELECT  ?system_id ?system_name ?model_id ?model_name ?slot_id ?slot_name ?candidate_domain ?slot_unit ?container_name ?upstream_device_name ?power_source_name WHERE   { ?model   v:Simulates  ?system ;              v:hasName    ?model_name .     ?system  v:hasName    ?system_name ;              v:hasId      ?system_id .     ?container (v:Contains)+ ?system .     ?container  v:hasName     ?container_name .     ?model    v:hasId         ?model_id ;               v:IsComposedOf  ?slot .     ?slot     v:hasName       ?slot_name ;               v:hasId         ?slot_id ;               v:hasUnit       ?slot_unit ;               v:hasDomain     ?candidate_domain .     ?system (v:HC1_Follows)+ ?upstream_device .     ?upstream_device               v:hasName  ?upstream_device_name .     ?power_source (v:Powers)+ ?container .     ?power_source               v:hasName  ?power_source_name     FILTER ( ?container_name = "eclss" )     FILTER ( ?upstream_device_name = "selection_valve_2" )     FILTER ( ?power_source_name = "auxiliary" )   } 
[2023-12-20 14:57:34] Fuseki     INFO  [32] Query = PREFIX  v:    <http://parameter.com/vocabulary/parameter#> PREFIX  rdfs: <http://www.w3.org/2000/01/rdf-schema#>  SELECT  ?Slot_name ?Id ?Value ?NominalValue ?Unit ?maxProbability ?StateVariableName ?SystemName WHERE   { ?Slot     v:hasName          ?Slot_name ;               v:Receives         ?Candidate .     ?Candidate  v:hasName        ?Id ;               v:hasValue         ?Value .     ?Slot     v:hasUnit          ?Unit .     ?Candidate  v:hasProbability  ?maxProbability .     ?Slot     v:Represents       ?StateVariable .     ?StateVariable               v:hasName          ?StateVariableName .     ?System   v:HasHealthStatus  ?StateVariable ;               v:hasName          ?SystemName .     ?Slot     v:hasNominalValue  ?NominalValue     { SELECT  ?Slot (MAX(?Probability) AS ?maxProbability)       WHERE         { ?Slot     v:Receives        ?Candidate .           ?Candidate  v:hasProbability  ?Probability         }       GROUP BY ?Slot     }   } 
[2023-12-20 14:57:34] Fuseki     INFO  [31] 200 OK (14 ms)
[2023-12-20 14:57:34] Fuseki     INFO  [32] 200 OK (29 ms)
[2023-12-20 14:57:34] Fuseki     INFO  [34] GET http://localhost:3030/parameter-model/sparql?query=PREFIX%20%20v:%20%20%20%20%3Chttp://parameter.com/vocabulary/parameter%23%3E%0APREFIX%20%20rdfs:%20%3Chttp://www.w3.org/2000/01/rdf-schema%23%3E%0A%0ASELECT%20%20?Model_name%20?Slot_name%20?Id%20?AssignedValue%20?Unit%20?Probability%0AWHERE%0A%20%20%7B%20?Model%20%20%20%20v:IsComposedOf%20%20%20%20%20%20?Slot%20%3B%0A%20%20%20%20%20%20%20%20%20%20%20%20%20%20v:hasName%20%20%20%20%20%20%20%20%20%20%20?Model_name%20.%0A%20%20%20%20?Slot%20%20%20%20%20v:hasName%20%20%20%20%20%20%20%20%20%20%20?Slot_name%20%3B%0A%20%20%20%20%20%20%20%20%20%20%20%20%20%20v:Receives%20%20%20%20%20%20%20%20%20%20?Candidate%20%3B%0A%20%20%20%20%20%20%20%20%20%20%20%20%20%20v:hasAssignedValue%20%20?AssignedValue%20%3B%0A%20%20%20%20%20%20%20%20%20%20%20%20%20%20v:hasUnit%20%20%20%20%20%20%20%20%20%20%20?Unit%20.%0A%20%20%20%20?Candidate%20%20v:hasName%20%20%20%20%20%20%20%20%20?Id%20%3B%0A%20%20%20%20%20%20%20%20%20%20%20%20%20%20v:hasValue%20%20%20%20%20%20%20%20%20%20?AvailableValue%20%3B%0A%20%20%20%20%20%20%20%20%20%20%20%20%20%20v:hasProbability%20%20%20%20?Probability%0A%20%20%20%20FILTER%20%28%20?AssignedValue%20%3D%20?AvailableValue%20%29%0A%20%20%20%20FILTER%20%28%20%28%20?Model_name%20%3D%20%22simulink%22%20%29%20%7C%7C%20%28%20?Model_name%20%3D%20%22lstm%22%20%29%20%29%0A%20%20%7D%0A
[2023-12-20 14:57:34] Fuseki     INFO  [34] Query = PREFIX  v:    <http://parameter.com/vocabulary/parameter#> PREFIX  rdfs: <http://www.w3.org/2000/01/rdf-schema#>  SELECT  ?Model_name ?Slot_name ?Id ?AssignedValue ?Unit ?Probability WHERE   { ?Model    v:IsComposedOf      ?Slot ;               v:hasName           ?Model_name .     ?Slot     v:hasName           ?Slot_name ;               v:Receives          ?Candidate ;               v:hasAssignedValue  ?AssignedValue ;               v:hasUnit           ?Unit .     ?Candidate  v:hasName         ?Id ;               v:hasValue          ?AvailableValue ;               v:hasProbability    ?Probability     FILTER ( ?AssignedValue = ?AvailableValue )     FILTER ( ( ?Model_name = "simulink" ) || ( ?Model_name = "lstm" ) )   } 
[2023-12-20 14:57:34] Fuseki     INFO  [34] 200 OK (7 ms)
[2023-12-20 14:57:34] Fuseki     INFO  [33] 200 OK (69 ms)
[2023-12-20 15:10:36] Fuseki     INFO  [35] GET http://localhost:3030/parameter-model
[2023-12-20 15:10:36] Fuseki     INFO  [35] 200 OK (34 ms)
[2023-12-20 15:10:37] Fuseki     INFO  [36] DELETE http://localhost:3030/parameter-model?graph=http://parameter.com/description/bundle/classes
[2023-12-20 15:10:37] Fuseki     INFO  [36] 204 No Content (4 ms)
[2023-12-20 15:10:37] Fuseki     INFO  [37] DELETE http://localhost:3030/parameter-model?graph=http://parameter.com/description/bundle
[2023-12-20 15:10:37] Fuseki     INFO  [37] 204 No Content (1 ms)
[2023-12-20 15:10:37] Fuseki     INFO  [38] DELETE http://localhost:3030/parameter-model?graph=http://parameter.com/description/spacecraft
[2023-12-20 15:10:37] Fuseki     INFO  [38] 204 No Content (10 ms)
[2023-12-20 15:10:37] Fuseki     INFO  [39] DELETE http://localhost:3030/parameter-model?graph=http://parameter.com/description/bundle/properties
[2023-12-20 15:10:37] Fuseki     INFO  [39] 204 No Content (5 ms)
[2023-12-20 15:10:37] Fuseki     INFO  [40] DELETE http://localhost:3030/parameter-model?graph=http://parameter.com/vocabulary/parameter
[2023-12-20 15:10:37] Fuseki     INFO  [40] 204 No Content (4 ms)
[2023-12-20 15:10:37] Fuseki     INFO  [41] DELETE http://localhost:3030/parameter-model?graph=http://purl.org/dc/elements/1.1
[2023-12-20 15:10:37] Fuseki     INFO  [41] 204 No Content (2 ms)
[2023-12-20 15:10:37] Fuseki     INFO  [42] DELETE http://localhost:3030/parameter-model?graph=http://parameter.com/description/bundle/individuals
[2023-12-20 15:10:37] Fuseki     INFO  [42] 204 No Content (14 ms)
[2023-12-20 15:10:37] Fuseki     INFO  [43] DELETE http://localhost:3030/parameter-model?graph=http://parameter.com/vocabulary/parameter-bundle
[2023-12-20 15:10:37] Fuseki     INFO  [43] 204 No Content (2 ms)
[2023-12-20 15:10:37] Fuseki     INFO  [44] POST http://localhost:3030/parameter-model?graph=http://parameter.com/vocabulary/parameter-bundle
[2023-12-20 15:10:37] Fuseki     INFO  [44] Body: Content-Length=3302, Content-Type=application/rdf+xml, Charset=null => RDF/XML : Count=39 Triples=39 Quads=0
[2023-12-20 15:10:37] Fuseki     INFO  [44] 201 Created (8 ms)
[2023-12-20 15:10:37] Fuseki     INFO  [45] POST http://localhost:3030/parameter-model?graph=http://purl.org/dc/elements/1.1
[2023-12-20 15:10:37] Fuseki     INFO  [45] Body: Content-Length=3542, Content-Type=application/rdf+xml, Charset=null => RDF/XML : Count=22 Triples=22 Quads=0
[2023-12-20 15:10:37] Fuseki     INFO  [45] 201 Created (6 ms)
[2023-12-20 15:10:37] Fuseki     INFO  [46] POST http://localhost:3030/parameter-model?graph=http://parameter.com/description/bundle/classes
[2023-12-20 15:10:37] Fuseki     INFO  [46] Body: Content-Length=6979, Content-Type=text/turtle, Charset=null => Turtle : Count=91 Triples=91 Quads=0
[2023-12-20 15:10:37] Fuseki     INFO  [46] 201 Created (9 ms)
[2023-12-20 15:10:37] Fuseki     INFO  [47] POST http://localhost:3030/parameter-model?graph=http://parameter.com/description/bundle/properties
[2023-12-20 15:10:37] Fuseki     INFO  [47] Body: Content-Length=6949, Content-Type=text/turtle, Charset=null => Turtle : Count=83 Triples=83 Quads=0
[2023-12-20 15:10:37] Fuseki     INFO  [47] 201 Created (9 ms)
[2023-12-20 15:10:37] Fuseki     INFO  [48] POST http://localhost:3030/parameter-model?graph=http://parameter.com/description/spacecraft
[2023-12-20 15:10:37] Fuseki     INFO  [48] Body: Content-Length=66164, Content-Type=application/rdf+xml, Charset=null => RDF/XML : Count=657 Triples=657 Quads=0
[2023-12-20 15:10:37] Fuseki     INFO  [48] 201 Created (31 ms)
[2023-12-20 15:10:37] Fuseki     INFO  [49] POST http://localhost:3030/parameter-model?graph=http://parameter.com/description/bundle/individuals
[2023-12-20 15:10:37] Fuseki     INFO  [49] Body: Content-Length=83542, Content-Type=text/turtle, Charset=null => Turtle : Count=956 Triples=956 Quads=0
[2023-12-20 15:10:37] Fuseki     INFO  [49] 201 Created (30 ms)
[2023-12-20 15:10:37] Fuseki     INFO  [50] POST http://localhost:3030/parameter-model?graph=http://parameter.com/vocabulary/parameter
[2023-12-20 15:10:37] Fuseki     INFO  [50] Body: Content-Length=21531, Content-Type=application/rdf+xml, Charset=null => RDF/XML : Count=195 Triples=195 Quads=0
[2023-12-20 15:10:37] Fuseki     INFO  [50] 201 Created (13 ms)
[2023-12-20 15:10:37] Fuseki     INFO  [51] POST http://localhost:3030/parameter-model?graph=http://parameter.com/description/bundle
[2023-12-20 15:10:37] Fuseki     INFO  [51] Body: Content-Length=1153, Content-Type=application/rdf+xml, Charset=null => RDF/XML : Count=6 Triples=6 Quads=0
[2023-12-20 15:10:37] Fuseki     INFO  [51] 201 Created (4 ms)
[2023-12-20 15:10:37] Fuseki     INFO  [52] GET http://localhost:3030/parameter-model/sparql?query=PREFIX%20%20v:%20%20%20%20%3Chttp://parameter.com/vocabulary/parameter%23%3E%0APREFIX%20%20rdfs:%20%3Chttp://www.w3.org/2000/01/rdf-schema%23%3E%0A%0ASELECT%20%20?Model_name%20?Slot_name%20?Id%20?AssignedValue%20?Unit%20?Probability%0AWHERE%0A%20%20%7B%20?Model%20%20%20%20v:IsComposedOf%20%20%20%20%20%20?Slot%20%3B%0A%20%20%20%20%20%20%20%20%20%20%20%20%20%20v:hasName%20%20%20%20%20%20%20%20%20%20%20?Model_name%20.%0A%20%20%20%20?Slot%20%20%20%20%20v:hasName%20%20%20%20%20%20%20%20%20%20%20?Slot_name%20%3B%0A%20%20%20%20%20%20%20%20%20%20%20%20%20%20v:Receives%20%20%20%20%20%20%20%20%20%20?Candidate%20%3B%0A%20%20%20%20%20%20%20%20%20%20%20%20%20%20v:hasAssignedValue%20%20?AssignedValue%20%3B%0A%20%20%20%20%20%20%20%20%20%20%20%20%20%20v:hasUnit%20%20%20%20%20%20%20%20%20%20%20?Unit%20.%0A%20%20%20%20?Candidate%20%20v:hasName%20%20%20%20%20%20%20%20%20?Id%20%3B%0A%20%20%20%20%20%20%20%20%20%20%20%20%20%20v:hasValue%20%20%20%20%20%20%20%20%20%20?AvailableValue%20%3B%0A%20%20%20%20%20%20%20%20%20%20%20%20%20%20v:hasProbability%20%20%20%20?Probability%0A%20%20%20%20FILTER%20%28%20?AssignedValue%20%3D%20?AvailableValue%20%29%0A%20%20%20%20FILTER%20%28%20%28%20?Model_name%20%3D%20%22simulink%22%20%29%20%7C%7C%20%28%20?Model_name%20%3D%20%22lstm%22%20%29%20%29%0A%20%20%7D%0A
[2023-12-20 15:10:37] Fuseki     INFO  [52] Query = PREFIX  v:    <http://parameter.com/vocabulary/parameter#> PREFIX  rdfs: <http://www.w3.org/2000/01/rdf-schema#>  SELECT  ?Model_name ?Slot_name ?Id ?AssignedValue ?Unit ?Probability WHERE   { ?Model    v:IsComposedOf      ?Slot ;               v:hasName           ?Model_name .     ?Slot     v:hasName           ?Slot_name ;               v:Receives          ?Candidate ;               v:hasAssignedValue  ?AssignedValue ;               v:hasUnit           ?Unit .     ?Candidate  v:hasName         ?Id ;               v:hasValue          ?AvailableValue ;               v:hasProbability    ?Probability     FILTER ( ?AssignedValue = ?AvailableValue )     FILTER ( ( ?Model_name = "simulink" ) || ( ?Model_name = "lstm" ) )   } 
[2023-12-20 15:10:37] Fuseki     INFO  [53] GET http://localhost:3030/parameter-model/sparql?query=PREFIX%20%20v:%20%20%20%20%3Chttp://parameter.com/vocabulary/parameter%23%3E%0APREFIX%20%20rdfs:%20%3Chttp://www.w3.org/2000/01/rdf-schema%23%3E%0A%0ASELECT%20%20?Slot_name%20?Id%20?Value%20?NominalValue%20?Unit%20?maxProbability%20?StateVariableName%20?SystemName%0AWHERE%0A%20%20%7B%20?Slot%20%20%20%20%20v:hasName%20%20%20%20%20%20%20%20%20%20?Slot_name%20%3B%0A%20%20%20%20%20%20%20%20%20%20%20%20%20%20v:Receives%20%20%20%20%20%20%20%20%20?Candidate%20.%0A%20%20%20%20?Candidate%20%20v:hasName%20%20%20%20%20%20%20%20?Id%20%3B%0A%20%20%20%20%20%20%20%20%20%20%20%20%20%20v:hasValue%20%20%20%20%20%20%20%20%20?Value%20.%0A%20%20%20%20?Slot%20%20%20%20%20v:hasUnit%20%20%20%20%20%20%20%20%20%20?Unit%20.%0A%20%20%20%20?Candidate%20%20v:hasProbability%20%20?maxProbability%20.%0A%20%20%20%20?Slot%20%20%20%20%20v:Represents%20%20%20%20%20%20%20?StateVariable%20.%0A%20%20%20%20?StateVariable%0A%20%20%20%20%20%20%20%20%20%20%20%20%20%20v:hasName%20%20%20%20%20%20%20%20%20%20?StateVariableName%20.%0A%20%20%20%20?System%20%20%20v:HasHealthStatus%20%20?StateVariable%20%3B%0A%20%20%20%20%20%20%20%20%20%20%20%20%20%20v:hasName%20%20%20%20%20%20%20%20%20%20?SystemName%20.%0A%20%20%20%20?Slot%20%20%20%20%20v:hasNominalValue%20%20?NominalValue%0A%20%20%20%20%7B%20SELECT%20%20?Slot%20%28MAX%28?Probability%29%20AS%20?maxProbability%29%0A%20%20%20%20%20%20WHERE%0A%20%20%20%20%20%20%20%20%7B%20?Slot%20%20%20%20%20v:Receives%20%20%20%20%20%20%20%20?Candidate%20.%0A%20%20%20%20%20%20%20%20%20%20?Candidate%20%20v:hasProbability%20%20?Probability%0A%20%20%20%20%20%20%20%20%7D%0A%20%20%20%20%20%20GROUP%20BY%20?Slot%0A%20%20%20%20%7D%0A%20%20%7D%0A
[2023-12-20 15:10:37] Fuseki     INFO  [53] Query = PREFIX  v:    <http://parameter.com/vocabulary/parameter#> PREFIX  rdfs: <http://www.w3.org/2000/01/rdf-schema#>  SELECT  ?Slot_name ?Id ?Value ?NominalValue ?Unit ?maxProbability ?StateVariableName ?SystemName WHERE   { ?Slot     v:hasName          ?Slot_name ;               v:Receives         ?Candidate .     ?Candidate  v:hasName        ?Id ;               v:hasValue         ?Value .     ?Slot     v:hasUnit          ?Unit .     ?Candidate  v:hasProbability  ?maxProbability .     ?Slot     v:Represents       ?StateVariable .     ?StateVariable               v:hasName          ?StateVariableName .     ?System   v:HasHealthStatus  ?StateVariable ;               v:hasName          ?SystemName .     ?Slot     v:hasNominalValue  ?NominalValue     { SELECT  ?Slot (MAX(?Probability) AS ?maxProbability)       WHERE         { ?Slot     v:Receives        ?Candidate .           ?Candidate  v:hasProbability  ?Probability         }       GROUP BY ?Slot     }   } 
[2023-12-20 15:10:37] Fuseki     INFO  [54] GET http://localhost:3030/parameter-model/sparql?query=PREFIX%20%20v:%20%20%20%20%3Chttp://parameter.com/vocabulary/parameter%23%3E%0APREFIX%20%20rdfs:%20%3Chttp://www.w3.org/2000/01/rdf-schema%23%3E%0A%0ASELECT%20%20?system_id%20?system_name%20?model_id%20?model_name%20?slot_id%20?slot_name%20?candidate_domain%20?slot_unit%0AWHERE%0A%20%20%7B%20?model%20%20%20v:Simulates%20%20%20%20%20?system%20%3B%0A%20%20%20%20%20%20%20%20%20%20%20%20%20v:hasName%20%20%20%20%20%20%20?model_name%20.%0A%20%20%20%20?system%20%20v:hasName%20%20%20%20%20%20%20?system_name%20%3B%0A%20%20%20%20%20%20%20%20%20%20%20%20%20v:hasId%20%20%20%20%20%20%20%20%20?system_id%20.%0A%20%20%20%20?model%20%20%20v:hasId%20%20%20%20%20%20%20%20%20?model_id%20%3B%0A%20%20%20%20%20%20%20%20%20%20%20%20%20v:IsComposedOf%20%20?slot%20.%0A%20%20%20%20?slot%20%20%20%20v:hasName%20%20%20%20%20%20%20?slot_name%20%3B%0A%20%20%20%20%20%20%20%20%20%20%20%20%20v:hasId%20%20%20%20%20%20%20%20%20?slot_id%20%3B%0A%20%20%20%20%20%20%20%20%20%20%20%20%20v:hasUnit%20%20%20%20%20%20%20?slot_unit%20%3B%0A%20%20%20%20%20%20%20%20%20%20%20%20%20v:hasDomain%20%20%20%20%20?candidate_domain%0A%20%20%20%20FILTER%20%28%20%28%20?system_name%20%3D%20%22filter_1%22%20%29%20%7C%7C%20%28%20?system_name%20%3D%20%22desiccant_bed_1%22%20%29%20%29%0A%20%20%7D%0A
[2023-12-20 15:10:37] Fuseki     INFO  [54] Query = PREFIX  v:    <http://parameter.com/vocabulary/parameter#> PREFIX  rdfs: <http://www.w3.org/2000/01/rdf-schema#>  SELECT  ?system_id ?system_name ?model_id ?model_name ?slot_id ?slot_name ?candidate_domain ?slot_unit WHERE   { ?model   v:Simulates     ?system ;              v:hasName       ?model_name .     ?system  v:hasName       ?system_name ;              v:hasId         ?system_id .     ?model   v:hasId         ?model_id ;              v:IsComposedOf  ?slot .     ?slot    v:hasName       ?slot_name ;              v:hasId         ?slot_id ;              v:hasUnit       ?slot_unit ;              v:hasDomain     ?candidate_domain     FILTER ( ( ?system_name = "filter_1" ) || ( ?system_name = "desiccant_bed_1" ) )   } 
[2023-12-20 15:10:37] Fuseki     INFO  [55] GET http://localhost:3030/parameter-model/sparql?query=PREFIX%20%20v:%20%20%20%20%3Chttp://parameter.com/vocabulary/parameter%23%3E%0APREFIX%20%20rdfs:%20%3Chttp://www.w3.org/2000/01/rdf-schema%23%3E%0A%0ASELECT%20%20?system_id%20?system_name%20?model_id%20?model_name%20?slot_id%20?slot_name%20?candidate_domain%20?slot_unit%20?container_name%20?upstream_device_name%20?power_source_name%0AWHERE%0A%20%20%7B%20?model%20%20%20v:Simulates%20%20?system%20%3B%0A%20%20%20%20%20%20%20%20%20%20%20%20%20v:hasName%20%20%20%20?model_name%20.%0A%20%20%20%20?system%20%20v:hasName%20%20%20%20?system_name%20%3B%0A%20%20%20%20%20%20%20%20%20%20%20%20%20v:hasId%20%20%20%20%20%20?system_id%20.%0A%20%20%20%20?container%20%28v:Contains%29%2B%20?system%20.%0A%20%20%20%20?container%20%20v:hasName%20%20%20%20%20?container_name%20.%0A%20%20%20%20?model%20%20%20%20v:hasId%20%20%20%20%20%20%20%20%20?model_id%20%3B%0A%20%20%20%20%20%20%20%20%20%20%20%20%20%20v:IsComposedOf%20%20?slot%20.%0A%20%20%20%20?slot%20%20%20%20%20v:hasName%20%20%20%20%20%20%20?slot_name%20%3B%0A%20%20%20%20%20%20%20%20%20%20%20%20%20%20v:hasId%20%20%20%20%20%20%20%20%20?slot_id%20%3B%0A%20%20%20%20%20%20%20%20%20%20%20%20%20%20v:hasUnit%20%20%20%20%20%20%20?slot_unit%20%3B%0A%20%20%20%20%20%20%20%20%20%20%20%20%20%20v:hasDomain%20%20%20%20%20?candidate_domain%20.%0A%20%20%20%20?system%20%28v:HC1_Follows%29%2B%20?upstream_device%20.%0A%20%20%20%20?upstream_device%0A%20%20%20%20%20%20%20%20%20%20%20%20%20%20v:hasName%20%20?upstream_device_name%20.%0A%20%20%20%20?power_source%20%28v:Powers%29%2B%20?container%20.%0A%20%20%20%20?power_source%0A%20%20%20%20%20%20%20%20%20%20%20%20%20%20v:hasName%20%20?power_source_name%0A%20%20%20%20FILTER%20%28%20?container_name%20%3D%20%22eclss%22%20%29%0A%20%20%20%20FILTER%20%28%20?upstream_device_name%20%3D%20%22selection_valve_2%22%20%29%0A%20%20%20%20FILTER%20%28%20?power_source_name%20%3D%20%22auxiliary%22%20%29%0A%20%20%7D%0A
[2023-12-20 15:10:37] Fuseki     INFO  [52] 200 OK (10 ms)
[2023-12-20 15:10:37] Fuseki     INFO  [55] Query = PREFIX  v:    <http://parameter.com/vocabulary/parameter#> PREFIX  rdfs: <http://www.w3.org/2000/01/rdf-schema#>  SELECT  ?system_id ?system_name ?model_id ?model_name ?slot_id ?slot_name ?candidate_domain ?slot_unit ?container_name ?upstream_device_name ?power_source_name WHERE   { ?model   v:Simulates  ?system ;              v:hasName    ?model_name .     ?system  v:hasName    ?system_name ;              v:hasId      ?system_id .     ?container (v:Contains)+ ?system .     ?container  v:hasName     ?container_name .     ?model    v:hasId         ?model_id ;               v:IsComposedOf  ?slot .     ?slot     v:hasName       ?slot_name ;               v:hasId         ?slot_id ;               v:hasUnit       ?slot_unit ;               v:hasDomain     ?candidate_domain .     ?system (v:HC1_Follows)+ ?upstream_device .     ?upstream_device               v:hasName  ?upstream_device_name .     ?power_source (v:Powers)+ ?container .     ?power_source               v:hasName  ?power_source_name     FILTER ( ?container_name = "eclss" )     FILTER ( ?upstream_device_name = "selection_valve_2" )     FILTER ( ?power_source_name = "auxiliary" )   } 
[2023-12-20 15:10:37] Fuseki     INFO  [53] 200 OK (16 ms)
[2023-12-20 15:10:37] Fuseki     INFO  [54] 200 OK (14 ms)
[2023-12-20 15:10:37] Fuseki     INFO  [55] 200 OK (53 ms)
